<?xml version="1.0" encoding="UTF-8"?>
<!-- Generated by org.testng.reporters.JUnitReportReporter -->
<testsuite hostname="tarak399" name="test_cases.invoke_Chrome" tests="1" failures="0" timestamp="4 Feb 2021 15:14:01 GMT" time="107.736" errors="0">
  <testcase name="Invoke_Chrome1_Docker" time="107.736" classname="test_cases.invoke_Chrome"/>
</testsuite> <!-- test_cases.invoke_Chrome -->
