<?xml version="1.0" encoding="UTF-8"?>
<!-- Generated by org.testng.reporters.JUnitReportReporter -->
<testsuite hostname="tarak399" name="Docker_sample.Invoke_Firefox" tests="1" failures="0" timestamp="17 Jan 2021 11:07:02 GMT" time="37.430" errors="0">
  <testcase name="test" time="37.430" classname="Docker_sample.Invoke_Firefox"/>
</testsuite> <!-- Docker_sample.Invoke_Firefox -->
