<?xml version="1.0" encoding="UTF-8"?>
<!-- Generated by org.testng.reporters.JUnitReportReporter -->
<testsuite hostname="tarak399" name="test_cases.Invoke_Firefox2" tests="1" failures="0" timestamp="4 Feb 2021 15:14:01 GMT" time="183.513" errors="0">
  <testcase name="Invoke_Firefox2_Docker" time="183.513" classname="test_cases.Invoke_Firefox2"/>
</testsuite> <!-- test_cases.Invoke_Firefox2 -->
