<?xml version="1.0" encoding="UTF-8"?>
<!-- Generated by org.testng.reporters.JUnitReportReporter -->
<testsuite hostname="tarak399" name="Docker_sample.invoke_Chrome" tests="1" failures="0" timestamp="17 Jan 2021 11:07:02 GMT" time="40.589" errors="0">
  <testcase name="test" time="40.589" classname="Docker_sample.invoke_Chrome"/>
</testsuite> <!-- Docker_sample.invoke_Chrome -->
