<?xml version="1.0" encoding="UTF-8"?>
<!-- Generated by org.testng.reporters.JUnitReportReporter -->
<testsuite hostname="tarak399" name="test_cases.Invoke_opera2" tests="1" failures="0" timestamp="4 Feb 2021 15:14:01 GMT" time="148.198" errors="0">
  <testcase name="Invoke_Opera2_Docker" time="148.198" classname="test_cases.Invoke_opera2"/>
</testsuite> <!-- test_cases.Invoke_opera2 -->
