<?xml version="1.0" encoding="UTF-8"?>
<!-- Generated by org.testng.reporters.JUnitReportReporter -->
<testsuite hostname="tarak399" name="test_cases.invoke_Chrome2" tests="1" failures="0" timestamp="5 Feb 2021 11:14:05 GMT" time="30.196" errors="0">
  <testcase name="Invoke_Chrome2_Docker" time="30.196" classname="test_cases.invoke_Chrome2"/>
</testsuite> <!-- test_cases.invoke_Chrome2 -->
