<?xml version="1.0" encoding="UTF-8"?>
<!-- Generated by org.testng.reporters.JUnitReportReporter -->
<testsuite hostname="tarak399" name="test_cases.Invoke_opera" tests="1" failures="0" timestamp="5 Feb 2021 11:14:05 GMT" time="94.054" errors="0">
  <testcase name="Invoke_Opera_Docker" time="94.054" classname="test_cases.Invoke_opera"/>
</testsuite> <!-- test_cases.Invoke_opera -->
