<?xml version="1.0" encoding="UTF-8"?>
<!-- Generated by org.testng.reporters.JUnitReportReporter -->
<testsuite hostname="tarak399" name="Docker_sample.setup_docker_Grid" tests="2" failures="0" timestamp="15 Jan 2021 09:13:15 GMT" time="20.092" errors="0">
  <testcase name="startdockergrid" time="15.027" classname="Docker_sample.setup_docker_Grid"/>
  <testcase name="stopdockergrid" time="5.065" classname="Docker_sample.setup_docker_Grid"/>
</testsuite> <!-- Docker_sample.setup_docker_Grid -->
